<?xml version="1.0" encoding="UTF-8"?>
<testsuite name="Category REST API Casestudy.E2E" tests="6" failures="0" errors="0" time="42.902"><properties><property name="java.runtime.name" value="Java(TM) SE Runtime Environment"/><property name="sun.boot.library.path" value="C:\Program Files\Java\jdk1.8.0_251\jre\bin"/><property name="java.vm.version" value="25.251-b08"/><property name="maven.multiModuleProjectDirectory" value="C:\Users\SaileelaKakaraparthi\Desktop\REST_API_CASESTUDY\RESTAPI-Project"/><property name="java.vm.vendor" value="Oracle Corporation"/><property name="java.vendor.url" value="http://java.oracle.com/"/><property name="guice.disable.misplaced.annotation.check" value="true"/><property name="path.separator" value=";"/><property name="java.vm.name" value="Java HotSpot(TM) 64-Bit Server VM"/><property name="file.encoding.pkg" value="sun.io"/><property name="user.country" value="IN"/><property name="user.script" value=""/><property name="sun.java.launcher" value="SUN_STANDARD"/><property name="sun.os.patch.level" value=""/><property name="java.vm.specification.name" value="Java Virtual Machine Specification"/><property name="user.dir" value="C:\Users\SaileelaKakaraparthi\Desktop\REST_API_CASESTUDY\RESTAPI-Project"/><property name="java.runtime.version" value="1.8.0_251-b08"/><property name="java.awt.graphicsenv" value="sun.awt.Win32GraphicsEnvironment"/><property name="java.endorsed.dirs" value="C:\Program Files\Java\jdk1.8.0_251\jre\lib\endorsed"/><property name="os.arch" value="amd64"/><property name="java.io.tmpdir" value="C:\Users\SAILEE~1\AppData\Local\Temp\"/><property name="line.separator" value="
"/><property name="java.vm.specification.vendor" value="Oracle Corporation"/><property name="user.variant" value=""/><property name="os.name" value="Windows 10"/><property name="classworlds.conf" value="C:\Users\SaileelaKakaraparthi\Documents\app downloads\apache-maven-3.6.3-bin\apache-maven-3.6.3\bin\..\bin\m2.conf"/><property name="sun.jnu.encoding" value="Cp1252"/><property name="java.library.path" value="C:\Program Files\Java\jdk1.8.0_251\bin;C:\WINDOWS\Sun\Java\bin;C:\WINDOWS\system32;C:\WINDOWS;C:\Program Files (x86)\Common Files\Oracle\Java\javapath;C:\oracle\instantclient_18_5;C:\Program Files (x86)\RSA SecurID Token Common;C:\Program Files\Java\jdk1.8.0_251\bin;C:\ProgramData\Oracle\Java\javapath;C:\WINDOWS\system32;C:\WINDOWS;C:\WINDOWS\System32\Wbem;C:\WINDOWS\System32\WindowsPowerShell\v1.0\;C:\WINDOWS\System32\OpenSSH\;C:\Python37\;C:\Python37\Scripts\;C:\Python27;C:\Python27\Scripts;C:\Program Files\nodejs\;C:\Program Files\TortoiseSVN\bin;C:\Program Files\Git\cmd;C:\Program Files\Intel\WiFi\bin\;C:\Program Files\Common Files\Intel\WirelessCommon\;C:\Users\SaileelaKakaraparthi\Documents\app downloads\apache-maven-3.6.3-bin\apache-maven-3.6.3\bin;C:\Users\SaileelaKakaraparthi\AppData\Local\Android\Sdk\tools;C:\Users\SaileelaKakaraparthi\AppData\Local\Android\Sdk\tools\bin;C:\Users\SaileelaKakaraparthi\AppData\Local\Android\Sdk\platform-tools;C:\Python37\Scripts\;C:\Python37\;C:\Users\SaileelaKakaraparthi\AppData\Local\Microsoft\WindowsApps;C:\Users\SaileelaKakaraparthi\AppData\Roaming\npm;;."/><property name="maven.conf" value="C:\Users\SaileelaKakaraparthi\Documents\app downloads\apache-maven-3.6.3-bin\apache-maven-3.6.3\bin\../conf"/><property name="sun.awt.enableExtraMouseButtons" value="true"/><property name="java.specification.name" value="Java Platform API Specification"/><property name="java.class.version" value="52.0"/><property name="sun.management.compiler" value="HotSpot 64-Bit Tiered Compilers"/><property name="os.version" value="10.0"/><property name="library.jansi.path" value="C:\Users\SaileelaKakaraparthi\Documents\app downloads\apache-maven-3.6.3-bin\apache-maven-3.6.3\bin\..\lib\jansi-native"/><property name="user.home" value="C:\Users\SaileelaKakaraparthi"/><property name="user.timezone" value="Asia/Calcutta"/><property name="java.awt.printerjob" value="sun.awt.windows.WPrinterJob"/><property name="file.encoding" value="Cp1252"/><property name="java.specification.version" value="1.8"/><property name="java.class.path" value="C:\Users\SaileelaKakaraparthi\Documents\app downloads\apache-maven-3.6.3-bin\apache-maven-3.6.3\bin\..\boot\plexus-classworlds-2.6.0.jar"/><property name="user.name" value="SaileelaKakaraparthi"/><property name="java.vm.specification.version" value="1.8"/><property name="sun.java.command" value="org.codehaus.plexus.classworlds.launcher.Launcher site"/><property name="java.home" value="C:\Program Files\Java\jdk1.8.0_251\jre"/><property name="sun.arch.data.model" value="64"/><property name="user.language" value="en"/><property name="java.specification.vendor" value="Oracle Corporation"/><property name="awt.toolkit" value="sun.awt.windows.WToolkit"/><property name="java.vm.info" value="mixed mode"/><property name="java.version" value="1.8.0_251"/><property name="java.ext.dirs" value="C:\Program Files\Java\jdk1.8.0_251\jre\lib\ext;C:\WINDOWS\Sun\Java\lib\ext"/><property name="sun.boot.class.path" value="C:\Program Files\Java\jdk1.8.0_251\jre\lib\resources.jar;C:\Program Files\Java\jdk1.8.0_251\jre\lib\rt.jar;C:\Program Files\Java\jdk1.8.0_251\jre\lib\sunrsasign.jar;C:\Program Files\Java\jdk1.8.0_251\jre\lib\jsse.jar;C:\Program Files\Java\jdk1.8.0_251\jre\lib\jce.jar;C:\Program Files\Java\jdk1.8.0_251\jre\lib\charsets.jar;C:\Program Files\Java\jdk1.8.0_251\jre\lib\jfr.jar;C:\Program Files\Java\jdk1.8.0_251\jre\classes"/><property name="java.vendor" value="Oracle Corporation"/><property name="sun.stderr.encoding" value="cp437"/><property name="maven.home" value="C:\Users\SaileelaKakaraparthi\Documents\app downloads\apache-maven-3.6.3-bin\apache-maven-3.6.3\bin\.."/><property name="file.separator" value="\"/><property name="java.vendor.url.bug" value="http://bugreport.sun.com/bugreport/"/><property name="sun.io.unicode.encoding" value="UnicodeLittle"/><property name="sun.cpu.endian" value="little"/><property name="sun.stdout.encoding" value="cp437"/><property name="sun.desktop" value="windows"/><property name="sun.cpu.isalist" value="amd64"/></properties><testcase name="AdminLogin TC" time="3.409"/><testcase name="AddNewProductSubcatgories TC" time="6.647"/><testcase name="AdminLogin TC" time="2.128"/><testcase name="GetCategories TC" time="13.987"/><testcase name="AdminLogin TC" time="1.482"/><testcase name="GetCategoriesByDepth TC" time="15.249"/></testsuite>